CRITICAL - 2023-04-07 00:27:18 --> Class "App\Controllers\AppModelsPostModel" not found
in APPPATH/Controllers/PostController.php on line 46.
 1 SYSTEMPATH/CodeIgniter.php(934): App\Controllers\PostController->fetch()
 2 SYSTEMPATH/CodeIgniter.php(499): CodeIgniter\CodeIgniter->runController()
 3 SYSTEMPATH/CodeIgniter.php(368): CodeIgniter\CodeIgniter->handleRequest()
 4 FCPATH/index.php(67): CodeIgniter\CodeIgniter->run()
CRITICAL - 2023-04-07 00:28:02 --> Class "App\Controllers\ConfigServices" not found
in APPPATH/Controllers/PostController.php on line 25.
 1 SYSTEMPATH/CodeIgniter.php(934): App\Controllers\PostController->add()
 2 SYSTEMPATH/CodeIgniter.php(499): CodeIgniter\CodeIgniter->runController()
 3 SYSTEMPATH/CodeIgniter.php(368): CodeIgniter\CodeIgniter->handleRequest()
 4 FCPATH/index.php(67): CodeIgniter\CodeIgniter->run()
CRITICAL - 2023-04-07 09:45:11 --> Class "App\Controllers\ConfigServices" not found
in APPPATH/Controllers/PostController.php on line 25.
 1 SYSTEMPATH/CodeIgniter.php(934): App\Controllers\PostController->add()
 2 SYSTEMPATH/CodeIgniter.php(499): CodeIgniter\CodeIgniter->runController()
 3 SYSTEMPATH/CodeIgniter.php(368): CodeIgniter\CodeIgniter->handleRequest()
 4 FCPATH/index.php(67): CodeIgniter\CodeIgniter->run()
CRITICAL - 2023-04-07 09:45:13 --> Class "App\Controllers\AppModelsPostModel" not found
in APPPATH/Controllers/PostController.php on line 46.
 1 SYSTEMPATH/CodeIgniter.php(934): App\Controllers\PostController->fetch()
 2 SYSTEMPATH/CodeIgniter.php(499): CodeIgniter\CodeIgniter->runController()
 3 SYSTEMPATH/CodeIgniter.php(368): CodeIgniter\CodeIgniter->handleRequest()
 4 FCPATH/index.php(67): CodeIgniter\CodeIgniter->run()
CRITICAL - 2023-04-07 09:45:41 --> Class "App\Controllers\ConfigServices" not found
in APPPATH/Controllers/PostController.php on line 25.
 1 SYSTEMPATH/CodeIgniter.php(934): App\Controllers\PostController->add()
 2 SYSTEMPATH/CodeIgniter.php(499): CodeIgniter\CodeIgniter->runController()
 3 SYSTEMPATH/CodeIgniter.php(368): CodeIgniter\CodeIgniter->handleRequest()
 4 FCPATH/index.php(67): CodeIgniter\CodeIgniter->run()
CRITICAL - 2023-04-07 10:40:08 --> Class "App\Controllers\AppModelsPostModel" not found
in APPPATH/Controllers/PostController.php on line 46.
 1 SYSTEMPATH/CodeIgniter.php(934): App\Controllers\PostController->fetch()
 2 SYSTEMPATH/CodeIgniter.php(499): CodeIgniter\CodeIgniter->runController()
 3 SYSTEMPATH/CodeIgniter.php(368): CodeIgniter\CodeIgniter->handleRequest()
 4 FCPATH/index.php(67): CodeIgniter\CodeIgniter->run()
CRITICAL - 2023-04-07 10:40:17 --> Class "App\Controllers\AppModelsPostModel" not found
in APPPATH/Controllers/PostController.php on line 46.
 1 SYSTEMPATH/CodeIgniter.php(934): App\Controllers\PostController->fetch()
 2 SYSTEMPATH/CodeIgniter.php(499): CodeIgniter\CodeIgniter->runController()
 3 SYSTEMPATH/CodeIgniter.php(368): CodeIgniter\CodeIgniter->handleRequest()
 4 FCPATH/index.php(67): CodeIgniter\CodeIgniter->run()
CRITICAL - 2023-04-07 10:40:30 --> Class "App\Controllers\AppModelsPostModel" not found
in APPPATH/Controllers/PostController.php on line 46.
 1 SYSTEMPATH/CodeIgniter.php(934): App\Controllers\PostController->fetch()
 2 SYSTEMPATH/CodeIgniter.php(499): CodeIgniter\CodeIgniter->runController()
 3 SYSTEMPATH/CodeIgniter.php(368): CodeIgniter\CodeIgniter->handleRequest()
 4 FCPATH/index.php(67): CodeIgniter\CodeIgniter->run()
CRITICAL - 2023-04-07 10:41:30 --> Class "App\Controllers\AppModelsPostModel" not found
in APPPATH/Controllers/PostController.php on line 46.
 1 SYSTEMPATH/CodeIgniter.php(934): App\Controllers\PostController->fetch()
 2 SYSTEMPATH/CodeIgniter.php(499): CodeIgniter\CodeIgniter->runController()
 3 SYSTEMPATH/CodeIgniter.php(368): CodeIgniter\CodeIgniter->handleRequest()
 4 FCPATH/index.php(67): CodeIgniter\CodeIgniter->run()
CRITICAL - 2023-04-07 10:41:38 --> Class "App\Controllers\AppModelsPostModel" not found
in APPPATH/Controllers/PostController.php on line 46.
 1 SYSTEMPATH/CodeIgniter.php(934): App\Controllers\PostController->fetch()
 2 SYSTEMPATH/CodeIgniter.php(499): CodeIgniter\CodeIgniter->runController()
 3 SYSTEMPATH/CodeIgniter.php(368): CodeIgniter\CodeIgniter->handleRequest()
 4 FCPATH/index.php(67): CodeIgniter\CodeIgniter->run()
CRITICAL - 2023-04-07 10:42:03 --> Class "App\Controllers\ConfigServices" not found
in APPPATH/Controllers/PostController.php on line 25.
 1 SYSTEMPATH/CodeIgniter.php(934): App\Controllers\PostController->add()
 2 SYSTEMPATH/CodeIgniter.php(499): CodeIgniter\CodeIgniter->runController()
 3 SYSTEMPATH/CodeIgniter.php(368): CodeIgniter\CodeIgniter->handleRequest()
 4 FCPATH/index.php(67): CodeIgniter\CodeIgniter->run()
CRITICAL - 2023-04-07 11:21:06 --> Class "App\Controllers\AppModelsPostModel" not found
in APPPATH/Controllers/PostController.php on line 46.
 1 SYSTEMPATH/CodeIgniter.php(934): App\Controllers\PostController->fetch()
 2 SYSTEMPATH/CodeIgniter.php(499): CodeIgniter\CodeIgniter->runController()
 3 SYSTEMPATH/CodeIgniter.php(368): CodeIgniter\CodeIgniter->handleRequest()
 4 FCPATH/index.php(67): CodeIgniter\CodeIgniter->run()
CRITICAL - 2023-04-07 12:32:46 --> Class "App\Controllers\AppModelsPostModel" not found
in APPPATH/Controllers/PostController.php on line 46.
 1 SYSTEMPATH/CodeIgniter.php(934): App\Controllers\PostController->fetch()
 2 SYSTEMPATH/CodeIgniter.php(499): CodeIgniter\CodeIgniter->runController()
 3 SYSTEMPATH/CodeIgniter.php(368): CodeIgniter\CodeIgniter->handleRequest()
 4 FCPATH/index.php(67): CodeIgniter\CodeIgniter->run()
CRITICAL - 2023-04-07 13:07:52 --> Class "App\Controllers\AppModelsPostModel" not found
in APPPATH/Controllers/PostController.php on line 46.
 1 SYSTEMPATH/CodeIgniter.php(934): App\Controllers\PostController->fetch()
 2 SYSTEMPATH/CodeIgniter.php(499): CodeIgniter\CodeIgniter->runController()
 3 SYSTEMPATH/CodeIgniter.php(368): CodeIgniter\CodeIgniter->handleRequest()
 4 FCPATH/index.php(67): CodeIgniter\CodeIgniter->run()
CRITICAL - 2023-04-07 16:21:41 --> Class "App\Controllers\AppModelsPostModel" not found
in APPPATH/Controllers/PostController.php on line 46.
 1 SYSTEMPATH/CodeIgniter.php(934): App\Controllers\PostController->fetch()
 2 SYSTEMPATH/CodeIgniter.php(499): CodeIgniter\CodeIgniter->runController()
 3 SYSTEMPATH/CodeIgniter.php(368): CodeIgniter\CodeIgniter->handleRequest()
 4 FCPATH/index.php(67): CodeIgniter\CodeIgniter->run()
CRITICAL - 2023-04-07 16:23:24 --> Class "App\Controllers\AppModelsPostModel" not found
in APPPATH/Controllers/PostController.php on line 46.
 1 SYSTEMPATH/CodeIgniter.php(934): App\Controllers\PostController->fetch()
 2 SYSTEMPATH/CodeIgniter.php(499): CodeIgniter\CodeIgniter->runController()
 3 SYSTEMPATH/CodeIgniter.php(368): CodeIgniter\CodeIgniter->handleRequest()
 4 FCPATH/index.php(67): CodeIgniter\CodeIgniter->run()
CRITICAL - 2023-04-07 17:30:38 --> Class "App\Controllers\AppModelsPostModel" not found
in APPPATH/Controllers/PostController.php on line 46.
 1 SYSTEMPATH/CodeIgniter.php(934): App\Controllers\PostController->fetch()
 2 SYSTEMPATH/CodeIgniter.php(499): CodeIgniter\CodeIgniter->runController()
 3 SYSTEMPATH/CodeIgniter.php(368): CodeIgniter\CodeIgniter->handleRequest()
 4 FCPATH/index.php(67): CodeIgniter\CodeIgniter->run()
CRITICAL - 2023-04-07 18:01:42 --> Class "App\Controllers\ConfigServices" not found
in APPPATH/Controllers/PostController.php on line 25.
 1 SYSTEMPATH/CodeIgniter.php(934): App\Controllers\PostController->add()
 2 SYSTEMPATH/CodeIgniter.php(499): CodeIgniter\CodeIgniter->runController()
 3 SYSTEMPATH/CodeIgniter.php(368): CodeIgniter\CodeIgniter->handleRequest()
 4 FCPATH/index.php(67): CodeIgniter\CodeIgniter->run()
CRITICAL - 2023-04-07 18:01:59 --> Class "App\Controllers\ConfigServices" not found
in APPPATH/Controllers/PostController.php on line 25.
 1 SYSTEMPATH/CodeIgniter.php(934): App\Controllers\PostController->add()
 2 SYSTEMPATH/CodeIgniter.php(499): CodeIgniter\CodeIgniter->runController()
 3 SYSTEMPATH/CodeIgniter.php(368): CodeIgniter\CodeIgniter->handleRequest()
 4 FCPATH/index.php(67): CodeIgniter\CodeIgniter->run()
CRITICAL - 2023-04-07 18:20:32 --> Class "App\Controllers\ConfigServices" not found
in APPPATH/Controllers/PostController.php on line 25.
 1 SYSTEMPATH/CodeIgniter.php(934): App\Controllers\PostController->add()
 2 SYSTEMPATH/CodeIgniter.php(499): CodeIgniter\CodeIgniter->runController()
 3 SYSTEMPATH/CodeIgniter.php(368): CodeIgniter\CodeIgniter->handleRequest()
 4 FCPATH/index.php(67): CodeIgniter\CodeIgniter->run()
CRITICAL - 2023-04-07 18:21:07 --> Class "App\Controllers\ConfigServices" not found
in APPPATH/Controllers/PostController.php on line 25.
 1 SYSTEMPATH/CodeIgniter.php(934): App\Controllers\PostController->add()
 2 SYSTEMPATH/CodeIgniter.php(499): CodeIgniter\CodeIgniter->runController()
 3 SYSTEMPATH/CodeIgniter.php(368): CodeIgniter\CodeIgniter->handleRequest()
 4 FCPATH/index.php(67): CodeIgniter\CodeIgniter->run()
CRITICAL - 2023-04-07 18:21:36 --> Class "App\Controllers\ConfigServices" not found
in APPPATH/Controllers/PostController.php on line 25.
 1 SYSTEMPATH/CodeIgniter.php(934): App\Controllers\PostController->add()
 2 SYSTEMPATH/CodeIgniter.php(499): CodeIgniter\CodeIgniter->runController()
 3 SYSTEMPATH/CodeIgniter.php(368): CodeIgniter\CodeIgniter->handleRequest()
 4 FCPATH/index.php(67): CodeIgniter\CodeIgniter->run()
CRITICAL - 2023-04-07 18:23:33 --> Class "App\Controllers\ConfigServices" not found
in APPPATH/Controllers/PostController.php on line 25.
 1 SYSTEMPATH/CodeIgniter.php(934): App\Controllers\PostController->add()
 2 SYSTEMPATH/CodeIgniter.php(499): CodeIgniter\CodeIgniter->runController()
 3 SYSTEMPATH/CodeIgniter.php(368): CodeIgniter\CodeIgniter->handleRequest()
 4 FCPATH/index.php(67): CodeIgniter\CodeIgniter->run()
CRITICAL - 2023-04-07 18:23:50 --> Class "App\Controllers\ConfigServices" not found
in APPPATH/Controllers/PostController.php on line 25.
 1 SYSTEMPATH/CodeIgniter.php(934): App\Controllers\PostController->add()
 2 SYSTEMPATH/CodeIgniter.php(499): CodeIgniter\CodeIgniter->runController()
 3 SYSTEMPATH/CodeIgniter.php(368): CodeIgniter\CodeIgniter->handleRequest()
 4 FCPATH/index.php(67): CodeIgniter\CodeIgniter->run()
CRITICAL - 2023-04-07 18:24:18 --> Class "App\Controllers\ConfigServices" not found
in APPPATH/Controllers/PostController.php on line 25.
 1 SYSTEMPATH/CodeIgniter.php(934): App\Controllers\PostController->add()
 2 SYSTEMPATH/CodeIgniter.php(499): CodeIgniter\CodeIgniter->runController()
 3 SYSTEMPATH/CodeIgniter.php(368): CodeIgniter\CodeIgniter->handleRequest()
 4 FCPATH/index.php(67): CodeIgniter\CodeIgniter->run()
CRITICAL - 2023-04-07 18:24:32 --> Class "App\Controllers\ConfigServices" not found
in APPPATH/Controllers/PostController.php on line 25.
 1 SYSTEMPATH/CodeIgniter.php(934): App\Controllers\PostController->add()
 2 SYSTEMPATH/CodeIgniter.php(499): CodeIgniter\CodeIgniter->runController()
 3 SYSTEMPATH/CodeIgniter.php(368): CodeIgniter\CodeIgniter->handleRequest()
 4 FCPATH/index.php(67): CodeIgniter\CodeIgniter->run()
CRITICAL - 2023-04-07 18:25:19 --> Class "App\Controllers\ConfigServices" not found
in APPPATH/Controllers/PostController.php on line 25.
 1 SYSTEMPATH/CodeIgniter.php(934): App\Controllers\PostController->add()
 2 SYSTEMPATH/CodeIgniter.php(499): CodeIgniter\CodeIgniter->runController()
 3 SYSTEMPATH/CodeIgniter.php(368): CodeIgniter\CodeIgniter->handleRequest()
 4 FCPATH/index.php(67): CodeIgniter\CodeIgniter->run()
CRITICAL - 2023-04-07 18:25:53 --> Class "App\Controllers\ConfigServices" not found
in APPPATH/Controllers/PostController.php on line 25.
 1 SYSTEMPATH/CodeIgniter.php(934): App\Controllers\PostController->add()
 2 SYSTEMPATH/CodeIgniter.php(499): CodeIgniter\CodeIgniter->runController()
 3 SYSTEMPATH/CodeIgniter.php(368): CodeIgniter\CodeIgniter->handleRequest()
 4 FCPATH/index.php(67): CodeIgniter\CodeIgniter->run()
CRITICAL - 2023-04-07 18:26:11 --> Class "App\Controllers\ConfigServices" not found
in APPPATH/Controllers/PostController.php on line 25.
 1 SYSTEMPATH/CodeIgniter.php(934): App\Controllers\PostController->add()
 2 SYSTEMPATH/CodeIgniter.php(499): CodeIgniter\CodeIgniter->runController()
 3 SYSTEMPATH/CodeIgniter.php(368): CodeIgniter\CodeIgniter->handleRequest()
 4 FCPATH/index.php(67): CodeIgniter\CodeIgniter->run()
CRITICAL - 2023-04-07 19:25:57 --> Class "App\Controllers\AppModelsPostModel" not found
in APPPATH/Controllers/PostController.php on line 46.
 1 SYSTEMPATH/CodeIgniter.php(934): App\Controllers\PostController->fetch()
 2 SYSTEMPATH/CodeIgniter.php(499): CodeIgniter\CodeIgniter->runController()
 3 SYSTEMPATH/CodeIgniter.php(368): CodeIgniter\CodeIgniter->handleRequest()
 4 FCPATH/index.php(67): CodeIgniter\CodeIgniter->run()
